<?xml version="1.0" encoding="UTF-8"?>
<!-- Generated by org.testng.reporters.JUnitReportReporter -->
<testsuite hostname="DESKTOP-9FL00AT" failures="0" tests="1" name="com.crm.contacts.TC_VT_002_Test" time="18.999" errors="0" timestamp="2024-11-27T13:21:45 IST" skipped="0">
  <testcase classname="com.crm.contacts.TC_VT_002_Test" name="createContact" time="18.999"/>
  <system-out/>
</testsuite> <!-- com.crm.contacts.TC_VT_002_Test -->
