<?xml version="1.0" encoding="UTF-8"?>
<!-- Generated by org.testng.reporters.JUnitReportReporter -->
<testsuite hostname="DESKTOP-9FL00AT" failures="0" tests="1" name="com.crm.organization.TC_VT_002_Test" time="22.047" errors="0" timestamp="2024-11-27T12:58:44 IST" skipped="0">
  <testcase classname="com.crm.organization.TC_VT_002_Test" name="createOrganization" time="22.047"/>
  <system-out/>
</testsuite> <!-- com.crm.organization.TC_VT_002_Test -->
