<?xml version="1.0" encoding="UTF-8"?>
<!-- Generated by org.testng.reporters.JUnitReportReporter -->
<testsuite hostname="DESKTOP-9FL00AT" failures="0" tests="1" name="com.crm.contacts.TC_VT_003_Test" time="14.833" errors="0" timestamp="2024-11-27T14:22:51 IST" skipped="0">
  <testcase classname="com.crm.contacts.TC_VT_003_Test" name="createContactWithOrgName" time="14.833"/>
  <system-out/>
</testsuite> <!-- com.crm.contacts.TC_VT_003_Test -->
